d:\visualbasicstuff\thestolenravioli\thestolenravioli\release\the stolen ravioli.pch
d:\visualbasicstuff\thestolenravioli\thestolenravioli\release\vc140.pdb
d:\visualbasicstuff\thestolenravioli\thestolenravioli\release\stdafx.obj
d:\visualbasicstuff\thestolenravioli\thestolenravioli\release\thestolenravioli.obj
d:\visualbasicstuff\thestolenravioli\release\the stolen ravioli.exe
d:\visualbasicstuff\thestolenravioli\release\the stolen ravioli.ipdb
d:\visualbasicstuff\thestolenravioli\release\the stolen ravioli.iobj
d:\visualbasicstuff\thestolenravioli\release\the stolen ravioli.pdb
d:\visualbasicstuff\thestolenravioli\thestolenravioli\release\thestolenravioli.res
d:\visualbasicstuff\thestolenravioli\thestolenravioli\release\nativecodeanalysis.read.1.tlog
d:\visualbasicstuff\thestolenravioli\thestolenravioli\release\stdafx.nativecodeanalysis.xml
d:\visualbasicstuff\thestolenravioli\thestolenravioli\release\thestolenravioli.nativecodeanalysis.xml
d:\visualbasicstuff\thestolenravioli\thestolenravioli\release\vc.nativecodeanalysis.all.xml
d:\visualbasicstuff\thestolenravioli\release\the stolen ravioli.exe.lastcodeanalysissucceeded
d:\visualbasicstuff\thestolenravioli\thestolenravioli\release\thestolenravioli.tlog\cl.command.1.tlog
d:\visualbasicstuff\thestolenravioli\thestolenravioli\release\thestolenravioli.tlog\cl.read.1.tlog
d:\visualbasicstuff\thestolenravioli\thestolenravioli\release\thestolenravioli.tlog\cl.write.1.tlog
d:\visualbasicstuff\thestolenravioli\thestolenravioli\release\thestolenravioli.tlog\link.command.1.tlog
d:\visualbasicstuff\thestolenravioli\thestolenravioli\release\thestolenravioli.tlog\link.read.1.tlog
d:\visualbasicstuff\thestolenravioli\thestolenravioli\release\thestolenravioli.tlog\link.write.1.tlog
d:\visualbasicstuff\thestolenravioli\thestolenravioli\release\thestolenravioli.tlog\rc.command.1.tlog
d:\visualbasicstuff\thestolenravioli\thestolenravioli\release\thestolenravioli.tlog\rc.read.1.tlog
d:\visualbasicstuff\thestolenravioli\thestolenravioli\release\thestolenravioli.tlog\rc.write.1.tlog
